=== Vehicle Image Backfill ===
Delay: 800ms | Batch: 50 | Limit: 500 | Dry run: false

Found 33381 specs rows with source_url but missing hero_image_url
Will process 500 rows

Processed 10/500, 8 with images, 2 no images, 0 errors | Elapsed: 8s | ETA: 7m 5s
Processed 20/500, 17 with images, 3 no images, 0 errors | Elapsed: 17s | ETA: 7m 8s
Processed 30/500, 27 with images, 3 no images, 0 errors | Elapsed: 27s | ETA: 7m 5s
Processed 40/500, 37 with images, 3 no images, 0 errors | Elapsed: 36s | ETA: 6m 59s
Processed 50/500, 47 with images, 3 no images, 0 errors | Elapsed: 45s | ETA: 6m 52s
Processed 60/500, 53 with images, 7 no images, 0 errors | Elapsed: 54s | ETA: 6m 42s
Processed 70/500, 63 with images, 7 no images, 0 errors | Elapsed: 1m 4s | ETA: 6m 33s
Processed 80/500, 73 with images, 7 no images, 0 errors | Elapsed: 1m 13s | ETA: 6m 25s
Processed 90/500, 83 with images, 7 no images, 0 errors | Elapsed: 1m 22s | ETA: 6m 16s
Processed 100/500, 92 with images, 8 no images, 0 errors | Elapsed: 1m 31s | ETA: 6m 7s
Processed 110/500, 97 with images, 13 no images, 0 errors | Elapsed: 1m 40s | ETA: 5m 57s
Processed 120/500, 106 with images, 14 no images, 0 errors | Elapsed: 1m 50s | ETA: 5m 49s
Processed 130/500, 116 with images, 14 no images, 0 errors | Elapsed: 1m 59s | ETA: 5m 40s
Processed 140/500, 126 with images, 14 no images, 0 errors | Elapsed: 2m 9s | ETA: 5m 32s
Processed 150/500, 136 with images, 14 no images, 0 errors | Elapsed: 2m 18s | ETA: 5m 24s
Processed 160/500, 140 with images, 20 no images, 0 errors | Elapsed: 2m 27s | ETA: 5m 14s
Processed 170/500, 150 with images, 20 no images, 0 errors | Elapsed: 2m 37s | ETA: 5m 6s
Processed 180/500, 160 with images, 20 no images, 0 errors | Elapsed: 2m 47s | ETA: 4m 57s
Processed 190/500, 170 with images, 20 no images, 0 errors | Elapsed: 2m 56s | ETA: 4m 47s
Processed 200/500, 179 with images, 21 no images, 0 errors | Elapsed: 3m 5s | ETA: 4m 38s
Processed 210/500, 182 with images, 28 no images, 0 errors | Elapsed: 3m 14s | ETA: 4m 28s
Processed 220/500, 192 with images, 28 no images, 0 errors | Elapsed: 3m 23s | ETA: 4m 19s
Processed 230/500, 201 with images, 29 no images, 0 errors | Elapsed: 3m 33s | ETA: 4m 10s
Processed 240/500, 210 with images, 30 no images, 0 errors | Elapsed: 3m 42s | ETA: 4m 0s
Processed 250/500, 219 with images, 31 no images, 0 errors | Elapsed: 3m 51s | ETA: 3m 51s
Processed 260/500, 219 with images, 41 no images, 0 errors | Elapsed: 4m 0s | ETA: 3m 41s
Processed 270/500, 229 with images, 41 no images, 0 errors | Elapsed: 4m 9s | ETA: 3m 32s
Processed 280/500, 238 with images, 42 no images, 0 errors | Elapsed: 4m 18s | ETA: 3m 23s
Processed 290/500, 248 with images, 42 no images, 0 errors | Elapsed: 4m 27s | ETA: 3m 13s
Processed 300/500, 258 with images, 42 no images, 0 errors | Elapsed: 4m 37s | ETA: 3m 4s
Processed 310/500, 258 with images, 52 no images, 0 errors | Elapsed: 4m 45s | ETA: 2m 55s
Processed 320/500, 266 with images, 54 no images, 0 errors | Elapsed: 4m 54s | ETA: 2m 45s
Processed 330/500, 276 with images, 54 no images, 0 errors | Elapsed: 5m 4s | ETA: 2m 36s
Processed 340/500, 286 with images, 54 no images, 0 errors | Elapsed: 5m 13s | ETA: 2m 27s
Processed 350/500, 296 with images, 54 no images, 0 errors | Elapsed: 5m 22s | ETA: 2m 18s
Processed 360/500, 296 with images, 64 no images, 0 errors | Elapsed: 5m 31s | ETA: 2m 8s
Processed 370/500, 304 with images, 66 no images, 0 errors | Elapsed: 5m 40s | ETA: 1m 59s
Processed 380/500, 313 with images, 67 no images, 0 errors | Elapsed: 5m 49s | ETA: 1m 50s
Processed 390/500, 322 with images, 68 no images, 0 errors | Elapsed: 5m 59s | ETA: 1m 41s
Processed 400/500, 332 with images, 68 no images, 0 errors | Elapsed: 6m 8s | ETA: 1m 32s
Processed 410/500, 332 with images, 78 no images, 0 errors | Elapsed: 6m 17s | ETA: 1m 22s
Processed 420/500, 337 with images, 83 no images, 0 errors | Elapsed: 6m 26s | ETA: 1m 13s
Processed 430/500, 347 with images, 83 no images, 0 errors | Elapsed: 6m 35s | ETA: 1m 4s
Processed 440/500, 356 with images, 84 no images, 0 errors | Elapsed: 6m 44s | ETA: 55s
Processed 450/500, 366 with images, 84 no images, 0 errors | Elapsed: 6m 54s | ETA: 46s
Processed 460/500, 366 with images, 94 no images, 0 errors | Elapsed: 7m 2s | ETA: 36s
Processed 470/500, 370 with images, 100 no images, 0 errors | Elapsed: 7m 11s | ETA: 27s
Processed 480/500, 378 with images, 102 no images, 0 errors | Elapsed: 7m 20s | ETA: 18s
Processed 490/500, 388 with images, 102 no images, 0 errors | Elapsed: 7m 30s | ETA: 9s
Processed 500/500, 397 with images, 103 no images, 0 errors | Elapsed: 7m 39s | ETA: 0s

=== COMPLETE ===
Total processed:  500
Images found:     397
No images on page: 103
Errors:           0
Duration:         7m 40s
